Command line invocation:
    /Applications/Xcode.app/Contents/Developer/usr/bin/xcodebuild build -project "Money Guard.xcodeproj" -scheme MoneyManager -destination "platform=iOS Simulator,name=iPhone 17"

Resolve Package Graph


Resolved source packages:
  Supabase: https://github.com/supabase-community/supabase-swift.git @ 2.41.1
  swift-concurrency-extras: https://github.com/pointfreeco/swift-concurrency-extras @ 1.3.2
  xctest-dynamic-overlay: https://github.com/pointfreeco/xctest-dynamic-overlay @ 1.9.0
  swift-http-types: https://github.com/apple/swift-http-types.git @ 1.5.1
  swift-asn1: https://github.com/apple/swift-asn1.git @ 1.6.0
  swift-crypto: https://github.com/apple/swift-crypto.git @ 4.3.0
  swift-clocks: https://github.com/pointfreeco/swift-clocks @ 1.0.6

ComputePackagePrebuildTargetDependencyGraph

Prepare packages

CreateBuildRequest

SendProjectDescription

CreateBuildOperation

ComputeTargetDependencyGraph
note: Building targets in dependency order
note: Target dependency graph (3 targets)
    Target 'MoneyManager' in project 'Money Guard'
        ➜ Explicit dependency on target 'MoneyGuardsWidgetExtension' in project 'Money Guard'
        ➜ Explicit dependency on target 'MoneyGuardsShareExtension' in project 'Money Guard'
    Target 'MoneyGuardsShareExtension' in project 'Money Guard' (no dependencies)
    Target 'MoneyGuardsWidgetExtension' in project 'Money Guard' (no dependencies)

GatherProvisioningInputs

CreateBuildDescription

ExecuteExternalTool /Applications/Xcode.app/Contents/Developer/usr/bin/actool --version --output-format xml1

ExecuteExternalTool /Applications/Xcode.app/Contents/Developer/Toolchains/XcodeDefault.xctoolchain/usr/bin/swiftc --version

ExecuteExternalTool /Applications/Xcode.app/Contents/Developer/usr/bin/ibtool --version --output-format xml1

ExecuteExternalTool /Applications/Xcode.app/Contents/Developer/Toolchains/XcodeDefault.xctoolchain/usr/bin/clang -v -E -dM -isysroot /Applications/Xcode.app/Contents/Developer/Platforms/iPhoneSimulator.platform/Developer/SDKs/iPhoneSimulator26.4.sdk -x c -c /dev/null

ExecuteExternalTool /Applications/Xcode.app/Contents/Developer/usr/bin/actool --print-asset-tag-combinations --output-format xml1 /Users/mac/Documents/Projects/Xcode/MoneyManager/MoneyGuard/Assets.xcassets

ExecuteExternalTool /Applications/Xcode.app/Contents/Developer/Toolchains/XcodeDefault.xctoolchain/usr/bin/ld -version_details

Build description signature: aef15c2ce2e879825b6627c60ff66fc9
Build description path: /Users/mac/Library/Developer/Xcode/DerivedData/Money_Guard-dxxmxjuortbjhnewxujqdxewhgxk/Build/Intermediates.noindex/XCBuildData/aef15c2ce2e879825b6627c60ff66fc9.xcbuilddata
ClangStatCache /Applications/Xcode.app/Contents/Developer/Toolchains/XcodeDefault.xctoolchain/usr/bin/clang-stat-cache /Applications/Xcode.app/Contents/Developer/Platforms/iPhoneSimulator.platform/Developer/SDKs/iPhoneSimulator26.4.sdk /Users/mac/Library/Developer/Xcode/DerivedData/SDKStatCaches.noindex/iphonesimulator26.4-23E237-686eebb5dc1d8ecb277353a59184f4aa.sdkstatcache
    cd /Users/mac/Documents/Projects/Xcode/MoneyManager/Money\ Guard.xcodeproj
    /Applications/Xcode.app/Contents/Developer/Toolchains/XcodeDefault.xctoolchain/usr/bin/clang-stat-cache /Applications/Xcode.app/Contents/Developer/Platforms/iPhoneSimulator.platform/Developer/SDKs/iPhoneSimulator26.4.sdk -o /Users/mac/Library/Developer/Xcode/DerivedData/SDKStatCaches.noindex/iphonesimulator26.4-23E237-686eebb5dc1d8ecb277353a59184f4aa.sdkstatcache

ProcessInfoPlistFile /Users/mac/Library/Developer/Xcode/DerivedData/Money_Guard-dxxmxjuortbjhnewxujqdxewhgxk/Build/Products/Debug-iphonesimulator/MoneyGuardsWidgetExtension.appex/Info.plist /Users/mac/Documents/Projects/Xcode/MoneyManager/MoneyGuardsWidget/Info.plist (in target 'MoneyGuardsWidgetExtension' from project 'Money Guard')
    cd /Users/mac/Documents/Projects/Xcode/MoneyManager
    builtin-infoPlistUtility /Users/mac/Documents/Projects/Xcode/MoneyManager/MoneyGuardsWidget/Info.plist -producttype com.apple.product-type.app-extension -expandbuildsettings -format binary -platform iphonesimulator -additionalcontentfile /Users/mac/Library/Developer/Xcode/DerivedData/Money_Guard-dxxmxjuortbjhnewxujqdxewhgxk/Build/Intermediates.noindex/Money\ Guard.build/Debug-iphonesimulator/MoneyGuardsWidgetExtension.build/assetcatalog_generated_info.plist -o /Users/mac/Library/Developer/Xcode/DerivedData/Money_Guard-dxxmxjuortbjhnewxujqdxewhgxk/Build/Products/Debug-iphonesimulator/MoneyGuardsWidgetExtension.appex/Info.plist

ProcessInfoPlistFile /Users/mac/Library/Developer/Xcode/DerivedData/Money_Guard-dxxmxjuortbjhnewxujqdxewhgxk/Build/Products/Debug-iphonesimulator/MoneyGuardsShareExtension.appex/Info.plist /Users/mac/Documents/Projects/Xcode/MoneyManager/ShareExtensionConfig/Info.plist (in target 'MoneyGuardsShareExtension' from project 'Money Guard')
    cd /Users/mac/Documents/Projects/Xcode/MoneyManager
    builtin-infoPlistUtility /Users/mac/Documents/Projects/Xcode/MoneyManager/ShareExtensionConfig/Info.plist -producttype com.apple.product-type.app-extension -expandbuildsettings -format binary -platform iphonesimulator -additionalcontentfile /Users/mac/Library/Developer/Xcode/DerivedData/Money_Guard-dxxmxjuortbjhnewxujqdxewhgxk/Build/Intermediates.noindex/Money\ Guard.build/Debug-iphonesimulator/MoneyGuardsShareExtension.build/MainInterface-SBPartialInfo.plist -o /Users/mac/Library/Developer/Xcode/DerivedData/Money_Guard-dxxmxjuortbjhnewxujqdxewhgxk/Build/Products/Debug-iphonesimulator/MoneyGuardsShareExtension.appex/Info.plist

Copy /Users/mac/Library/Developer/Xcode/DerivedData/Money_Guard-dxxmxjuortbjhnewxujqdxewhgxk/Build/Products/Debug-iphonesimulator/Money\ Guard.app/PlugIns/MoneyGuardsShareExtension.appex /Users/mac/Library/Developer/Xcode/DerivedData/Money_Guard-dxxmxjuortbjhnewxujqdxewhgxk/Build/Products/Debug-iphonesimulator/MoneyGuardsShareExtension.appex (in target 'MoneyManager' from project 'Money Guard')
    cd /Users/mac/Documents/Projects/Xcode/MoneyManager
    builtin-copy -exclude .DS_Store -exclude CVS -exclude .svn -exclude .git -exclude .hg -exclude Headers -exclude PrivateHeaders -exclude Modules -exclude \*.tbd -resolve-src-symlinks -remove-static-executable /Users/mac/Library/Developer/Xcode/DerivedData/Money_Guard-dxxmxjuortbjhnewxujqdxewhgxk/Build/Products/Debug-iphonesimulator/MoneyGuardsShareExtension.appex /Users/mac/Library/Developer/Xcode/DerivedData/Money_Guard-dxxmxjuortbjhnewxujqdxewhgxk/Build/Products/Debug-iphonesimulator/Money\ Guard.app/PlugIns

Copy /Users/mac/Library/Developer/Xcode/DerivedData/Money_Guard-dxxmxjuortbjhnewxujqdxewhgxk/Build/Products/Debug-iphonesimulator/Money\ Guard.app/PlugIns/MoneyGuardsWidgetExtension.appex /Users/mac/Library/Developer/Xcode/DerivedData/Money_Guard-dxxmxjuortbjhnewxujqdxewhgxk/Build/Products/Debug-iphonesimulator/MoneyGuardsWidgetExtension.appex (in target 'MoneyManager' from project 'Money Guard')
    cd /Users/mac/Documents/Projects/Xcode/MoneyManager
    builtin-copy -exclude .DS_Store -exclude CVS -exclude .svn -exclude .git -exclude .hg -exclude Headers -exclude PrivateHeaders -exclude Modules -exclude \*.tbd -resolve-src-symlinks -remove-static-executable /Users/mac/Library/Developer/Xcode/DerivedData/Money_Guard-dxxmxjuortbjhnewxujqdxewhgxk/Build/Products/Debug-iphonesimulator/MoneyGuardsWidgetExtension.appex /Users/mac/Library/Developer/Xcode/DerivedData/Money_Guard-dxxmxjuortbjhnewxujqdxewhgxk/Build/Products/Debug-iphonesimulator/Money\ Guard.app/PlugIns

ProcessInfoPlistFile /Users/mac/Library/Developer/Xcode/DerivedData/Money_Guard-dxxmxjuortbjhnewxujqdxewhgxk/Build/Products/Debug-iphonesimulator/Money\ Guard.app/Info.plist /Users/mac/Documents/Projects/Xcode/MoneyManager/MoneyGuard/Info.plist (in target 'MoneyManager' from project 'Money Guard')
    cd /Users/mac/Documents/Projects/Xcode/MoneyManager
    builtin-infoPlistUtility /Users/mac/Documents/Projects/Xcode/MoneyManager/MoneyGuard/Info.plist -producttype com.apple.product-type.application -genpkginfo /Users/mac/Library/Developer/Xcode/DerivedData/Money_Guard-dxxmxjuortbjhnewxujqdxewhgxk/Build/Products/Debug-iphonesimulator/Money\ Guard.app/PkgInfo -expandbuildsettings -format binary -platform iphonesimulator -additionalcontentfile /Users/mac/Library/Developer/Xcode/DerivedData/Money_Guard-dxxmxjuortbjhnewxujqdxewhgxk/Build/Intermediates.noindex/Money\ Guard.build/Debug-iphonesimulator/MoneyManager.build/assetcatalog_generated_info.plist -scanforprivacyfile /Users/mac/Library/Developer/Xcode/DerivedData/Money_Guard-dxxmxjuortbjhnewxujqdxewhgxk/Build/Products/Debug-iphonesimulator/Money\ Guard.app/PlugIns/MoneyGuardsShareExtension.appex -scanforprivacyfile /Users/mac/Library/Developer/Xcode/DerivedData/Money_Guard-dxxmxjuortbjhnewxujqdxewhgxk/Build/Products/Debug-iphonesimulator/Money\ Guard.app/PlugIns/MoneyGuardsWidgetExtension.appex -o /Users/mac/Library/Developer/Xcode/DerivedData/Money_Guard-dxxmxjuortbjhnewxujqdxewhgxk/Build/Products/Debug-iphonesimulator/Money\ Guard.app/Info.plist

CopySwiftLibs /Users/mac/Library/Developer/Xcode/DerivedData/Money_Guard-dxxmxjuortbjhnewxujqdxewhgxk/Build/Products/Debug-iphonesimulator/Money\ Guard.app (in target 'MoneyManager' from project 'Money Guard')
    cd /Users/mac/Documents/Projects/Xcode/MoneyManager
    builtin-swiftStdLibTool --copy --verbose --sign - --scan-executable /Users/mac/Library/Developer/Xcode/DerivedData/Money_Guard-dxxmxjuortbjhnewxujqdxewhgxk/Build/Products/Debug-iphonesimulator/Money\ Guard.app/Money\ Guard.debug.dylib --scan-folder /Users/mac/Library/Developer/Xcode/DerivedData/Money_Guard-dxxmxjuortbjhnewxujqdxewhgxk/Build/Products/Debug-iphonesimulator/Money\ Guard.app/Frameworks --scan-folder /Users/mac/Library/Developer/Xcode/DerivedData/Money_Guard-dxxmxjuortbjhnewxujqdxewhgxk/Build/Products/Debug-iphonesimulator/Money\ Guard.app/PlugIns --scan-folder /Users/mac/Library/Developer/Xcode/DerivedData/Money_Guard-dxxmxjuortbjhnewxujqdxewhgxk/Build/Products/Debug-iphonesimulator/Money\ Guard.app/SystemExtensions --scan-folder /Users/mac/Library/Developer/Xcode/DerivedData/Money_Guard-dxxmxjuortbjhnewxujqdxewhgxk/Build/Products/Debug-iphonesimulator/Money\ Guard.app/Extensions --platform iphonesimulator --toolchain /Applications/Xcode.app/Contents/Developer/Toolchains/XcodeDefault.xctoolchain --destination /Users/mac/Library/Developer/Xcode/DerivedData/Money_Guard-dxxmxjuortbjhnewxujqdxewhgxk/Build/Products/Debug-iphonesimulator/Money\ Guard.app/Frameworks --strip-bitcode --strip-bitcode-tool /Applications/Xcode.app/Contents/Developer/Toolchains/XcodeDefault.xctoolchain/usr/bin/bitcode_strip --emit-dependency-info /Users/mac/Library/Developer/Xcode/DerivedData/Money_Guard-dxxmxjuortbjhnewxujqdxewhgxk/Build/Intermediates.noindex/Money\ Guard.build/Debug-iphonesimulator/MoneyManager.build/SwiftStdLibToolInputDependencies.dep --filter-for-swift-os

CodeSign /Users/mac/Library/Developer/Xcode/DerivedData/Money_Guard-dxxmxjuortbjhnewxujqdxewhgxk/Build/Products/Debug-iphonesimulator/Money\ Guard.app/Money\ Guard.debug.dylib (in target 'MoneyManager' from project 'Money Guard')
    cd /Users/mac/Documents/Projects/Xcode/MoneyManager
    
    Signing Identity:     "Sign to Run Locally"
    
    /usr/bin/codesign --force --sign - --timestamp\=none --generate-entitlement-der /Users/mac/Library/Developer/Xcode/DerivedData/Money_Guard-dxxmxjuortbjhnewxujqdxewhgxk/Build/Products/Debug-iphonesimulator/Money\ Guard.app/Money\ Guard.debug.dylib
/Users/mac/Library/Developer/Xcode/DerivedData/Money_Guard-dxxmxjuortbjhnewxujqdxewhgxk/Build/Products/Debug-iphonesimulator/Money Guard.app/Money Guard.debug.dylib: replacing existing signature

CodeSign /Users/mac/Library/Developer/Xcode/DerivedData/Money_Guard-dxxmxjuortbjhnewxujqdxewhgxk/Build/Products/Debug-iphonesimulator/Money\ Guard.app/__preview.dylib (in target 'MoneyManager' from project 'Money Guard')
    cd /Users/mac/Documents/Projects/Xcode/MoneyManager
    
    Signing Identity:     "Sign to Run Locally"
    
    /usr/bin/codesign --force --sign - --timestamp\=none --generate-entitlement-der /Users/mac/Library/Developer/Xcode/DerivedData/Money_Guard-dxxmxjuortbjhnewxujqdxewhgxk/Build/Products/Debug-iphonesimulator/Money\ Guard.app/__preview.dylib
/Users/mac/Library/Developer/Xcode/DerivedData/Money_Guard-dxxmxjuortbjhnewxujqdxewhgxk/Build/Products/Debug-iphonesimulator/Money Guard.app/__preview.dylib: replacing existing signature

CodeSign /Users/mac/Library/Developer/Xcode/DerivedData/Money_Guard-dxxmxjuortbjhnewxujqdxewhgxk/Build/Products/Debug-iphonesimulator/Money\ Guard.app (in target 'MoneyManager' from project 'Money Guard')
    cd /Users/mac/Documents/Projects/Xcode/MoneyManager
    
    Signing Identity:     "Sign to Run Locally"
    
    /usr/bin/codesign --force --sign - --entitlements /Users/mac/Library/Developer/Xcode/DerivedData/Money_Guard-dxxmxjuortbjhnewxujqdxewhgxk/Build/Intermediates.noindex/Money\ Guard.build/Debug-iphonesimulator/MoneyManager.build/Money\ Guard.app.xcent --timestamp\=none --generate-entitlement-der /Users/mac/Library/Developer/Xcode/DerivedData/Money_Guard-dxxmxjuortbjhnewxujqdxewhgxk/Build/Products/Debug-iphonesimulator/Money\ Guard.app
/Users/mac/Library/Developer/Xcode/DerivedData/Money_Guard-dxxmxjuortbjhnewxujqdxewhgxk/Build/Products/Debug-iphonesimulator/Money Guard.app: replacing existing signature

Validate /Users/mac/Library/Developer/Xcode/DerivedData/Money_Guard-dxxmxjuortbjhnewxujqdxewhgxk/Build/Products/Debug-iphonesimulator/Money\ Guard.app (in target 'MoneyManager' from project 'Money Guard')
    cd /Users/mac/Documents/Projects/Xcode/MoneyManager
    builtin-validationUtility /Users/mac/Library/Developer/Xcode/DerivedData/Money_Guard-dxxmxjuortbjhnewxujqdxewhgxk/Build/Products/Debug-iphonesimulator/Money\ Guard.app -shallow-bundle -infoplist-subpath Info.plist

ValidateEmbeddedBinary /Users/mac/Library/Developer/Xcode/DerivedData/Money_Guard-dxxmxjuortbjhnewxujqdxewhgxk/Build/Products/Debug-iphonesimulator/Money\ Guard.app/PlugIns/MoneyGuardsShareExtension.appex (in target 'MoneyManager' from project 'Money Guard')
    cd /Users/mac/Documents/Projects/Xcode/MoneyManager
    /Applications/Xcode.app/Contents/Developer/usr/bin/embeddedBinaryValidationUtility /Users/mac/Library/Developer/Xcode/DerivedData/Money_Guard-dxxmxjuortbjhnewxujqdxewhgxk/Build/Products/Debug-iphonesimulator/Money\ Guard.app/PlugIns/MoneyGuardsShareExtension.appex -signing-cert - -info-plist-path /Users/mac/Library/Developer/Xcode/DerivedData/Money_Guard-dxxmxjuortbjhnewxujqdxewhgxk/Build/Products/Debug-iphonesimulator/Money\ Guard.app/Info.plist

ValidateEmbeddedBinary /Users/mac/Library/Developer/Xcode/DerivedData/Money_Guard-dxxmxjuortbjhnewxujqdxewhgxk/Build/Products/Debug-iphonesimulator/Money\ Guard.app/PlugIns/MoneyGuardsWidgetExtension.appex (in target 'MoneyManager' from project 'Money Guard')
    cd /Users/mac/Documents/Projects/Xcode/MoneyManager
    /Applications/Xcode.app/Contents/Developer/usr/bin/embeddedBinaryValidationUtility /Users/mac/Library/Developer/Xcode/DerivedData/Money_Guard-dxxmxjuortbjhnewxujqdxewhgxk/Build/Products/Debug-iphonesimulator/Money\ Guard.app/PlugIns/MoneyGuardsWidgetExtension.appex -signing-cert - -info-plist-path /Users/mac/Library/Developer/Xcode/DerivedData/Money_Guard-dxxmxjuortbjhnewxujqdxewhgxk/Build/Products/Debug-iphonesimulator/Money\ Guard.app/Info.plist

** BUILD SUCCEEDED **

